<?xml version="1.0" encoding="UTF-8"?>
<beans xmlns="http://www.springframework.org/schema/beans"
       xmlns:xsi="http://www.w3.org/2001/XMLSchema-instance"
       xmlns:tx="http://www.springframework.org/schema/tx"
       xsi:schemaLocation="http://www.springframework.org/schema/beans
	http://www.springframework.org/schema/beans/spring-beans.xsd
		http://www.springframework.org/schema/tx
    http://www.springframework.org/schema/tx/spring-tx.xsd">


    <!--USER SIGNUP-->
    <bean id="testDataSourceConfiguration"
          class="com.swissquote.bank.da.jdbc.impl.DataSourceConfiguration">
        <property name="url" value="${datasource.trade.backoffice > urls}"/>
        <property name="username" value="${datasource.trade.backoffice > username}"/>
        <property name="password" value="${datasource.trade.backoffice > password}"/>
    </bean>

    <bean id="test-data-source" parent="dbcp-data-source">
        <constructor-arg ref="testDataSourceConfiguration"/>
    </bean>

    <bean id="test-session-factory" parent="abstract-session-factory"
          lazy-init="true">
        <property name="dataSource" ref="test-data-source"/>
    </bean>

    <!--TRANSACTION -->
    <bean id="testTransactionManager" class="org.springframework.orm.hibernate3.HibernateTransactionManager">
        <property name="sessionFactory" ref="test-session-factory"/>
    </bean>

    <alias name="test-session-factory" alias="trade-backoffice-session-factory" />

    <tx:annotation-driven transaction-manager="testTransactionManager"/>
</beans>
